*** Starting uWSGI 2.0.21 (32bit) on [Sun Jul 30 12:10:34 2023] ***
compiled with version: 10.2.1 20210110 on 24 October 2022 16:32:23
os: Linux-6.1.21+ #1642 Mon Apr  3 17:19:14 BST 2023
nodename: raspberrypi
machine: armv6l
clock source: unix
pcre jit disabled
detected number of CPU cores: 1
current working directory: /home/pi/github/plant_boss/sw_rpi
detected binary path: /home/pi/.local/bin/uwsgi
*** WARNING: you are running uWSGI without its master process manager ***
your processes number limit is 1382
your memory page size is 4096 bytes
detected max file descriptor number: 1024
lock engine: pthread robust mutexes
thunder lock: disabled (you can enable it with --thunder-lock)
uwsgi socket 0 bound to TCP address 127.0.0.1:8001 fd 3
Python version: 3.9.2 (default, Mar 12 2021, 04:06:34)  [GCC 10.2.1 20210110]
*** Python threads support is disabled. You can enable it with --enable-threads ***
Python main interpreter initialized at 0x1ccf078
your server socket listen backlog is limited to 100 connections
your mercy for graceful operations on workers is 60 seconds
mapped 64408 bytes (62 KB) for 1 cores
*** Operational MODE: single process ***
WSGI app 0 (mountpoint='') ready in 1 seconds on interpreter 0x1ccf078 pid: 1871 (default app)
*** uWSGI is running in multiple interpreter mode ***
spawned uWSGI worker 1 (and the only) (pid: 1871, cores: 1)
{'QUERY_STRING': '', 'REQUEST_METHOD': 'GET', 'CONTENT_TYPE': '', 'CONTENT_LENGTH': '', 'REQUEST_URI': '/plant_boss/plot', 'PATH_INFO': '/plant_boss/plot', 'DOCUMENT_ROOT': '/var/www/html', 'SERVER_PROTOCOL': 'HTTP/1.1', 'REQUEST_SCHEME': 'http', 'REMOTE_ADDR': '192.168.8.117', 'REMOTE_PORT': '55496', 'SERVER_PORT': '80', 'SERVER_NAME': '_', 'HTTP_HOST': '192.168.8.139', 'HTTP_CONNECTION': 'keep-alive', 'HTTP_UPGRADE_INSECURE_REQUESTS': '1', 'HTTP_USER_AGENT': 'Mozilla/5.0 (X11; Linux x86_64) AppleWebKit/537.36 (KHTML, like Gecko) Chrome/115.0.0.0 Safari/537.36', 'HTTP_SEC_PURPOSE': 'prefetch;prerender', 'HTTP_PURPOSE': 'prefetch', 'HTTP_ACCEPT': 'text/html,application/xhtml+xml,application/xml;q=0.9,image/avif,image/webp,image/apng,*/*;q=0.8,application/signed-exchange;v=b3;q=0.7', 'HTTP_ACCEPT_ENCODING': 'gzip, deflate', 'HTTP_ACCEPT_LANGUAGE': 'en-US,en;q=0.9', 'wsgi.input': <uwsgi._Input object at 0xb3dcc5b0>, 'wsgi.file_wrapper': <built-in function uwsgi_sendfile>, 'wsgi.version': (1, 0), 'wsgi.errors': <_io.TextIOWrapper name=2 mode='w' encoding='UTF-8'>, 'wsgi.run_once': False, 'wsgi.multithread': False, 'wsgi.multiprocess': False, 'wsgi.url_scheme': 'http', 'uwsgi.version': b'2.0.21', 'uwsgi.node': b'raspberrypi'}
/plant_boss/plot
/plant_boss/plot
84.9
(26953, '2023-07-23 13:18:29.106440', 1, 84.9, 520, 26.4, 142, -51, 0, 0, '0x0', '0x0', '0x0', '0x0', '0x0', '0x134b2a0', '0x1fdfb')
(26954, '2023-07-23 13:18:30.153311', 1, 84.9, 520, 28.3, 142, -51, 0, 0, '0x0', '0x0', '0x0', '0x0', '0x0', '0x134b2a0', '0x1fe63')
(26955, '2023-07-23 13:18:31.188951', 1, 84.9, 516.7, 27.5, 142, -50, 0, 0, '0x0', '0x0', '0x0', '0x0', '0x0', '0x134b2a0', '0x1fecb')
[pid: 1871|app: 0|req: 1/1] 192.168.8.117 () {44 vars in 788 bytes} [Sun Jul 30 12:10:40 2023] GET /plant_boss/plot => generated 128 bytes in 37 msecs (HTTP/1.1 200) 1 headers in 44 bytes (1 switches on core 0)
